c:\users\vlol\source\repos\ttt_mult\ttt_mult\debug\ttt_mult.pch
c:\users\vlol\source\repos\ttt_mult\ttt_mult\debug\vc141.pdb
c:\users\vlol\source\repos\ttt_mult\ttt_mult\debug\vc141.idb
c:\users\vlol\source\repos\ttt_mult\ttt_mult\debug\stdafx.obj
c:\users\vlol\source\repos\ttt_mult\ttt_mult\debug\gm_sp_game.obj
c:\users\vlol\source\repos\ttt_mult\ttt_mult\debug\graphics.obj
c:\users\vlol\source\repos\ttt_mult\ttt_mult\debug\tttmult.obj
c:\users\vlol\source\repos\ttt_mult\ttt_mult\debug\game.obj
c:\users\vlol\source\repos\ttt_mult\ttt_mult\debug\gm_startmenu.obj
c:\users\vlol\source\repos\ttt_mult\ttt_mult\debug\sendgetfunctions.obj
c:\users\vlol\source\repos\ttt_mult\ttt_mult\debug\clientclass.obj
c:\users\vlol\source\repos\ttt_mult\ttt_mult\debug\serverclass.obj
c:\users\vlol\source\repos\ttt_mult\ttt_mult\debug\gm_mp_game.obj
c:\users\vlol\source\repos\ttt_mult\debug\ttt_mult.pdb
c:\users\vlol\source\repos\ttt_mult\ttt_mult\debug\ttt_mult.tlog\cl.command.1.tlog
c:\users\vlol\source\repos\ttt_mult\ttt_mult\debug\ttt_mult.tlog\cl.read.1.tlog
c:\users\vlol\source\repos\ttt_mult\ttt_mult\debug\ttt_mult.tlog\cl.write.1.tlog
c:\users\vlol\source\repos\ttt_mult\ttt_mult\debug\ttt_mult.tlog\link.5260-cvtres.read.1.tlog
c:\users\vlol\source\repos\ttt_mult\ttt_mult\debug\ttt_mult.tlog\link.5260-cvtres.write.1.tlog
c:\users\vlol\source\repos\ttt_mult\ttt_mult\debug\ttt_mult.tlog\link.5260-rc.read.1.tlog
c:\users\vlol\source\repos\ttt_mult\ttt_mult\debug\ttt_mult.tlog\link.5260-rc.write.1.tlog
c:\users\vlol\source\repos\ttt_mult\ttt_mult\debug\ttt_mult.tlog\link.5260.read.1.tlog
c:\users\vlol\source\repos\ttt_mult\ttt_mult\debug\ttt_mult.tlog\link.5260.write.1.tlog
c:\users\vlol\source\repos\ttt_mult\ttt_mult\debug\ttt_mult.tlog\link.command.1.tlog
c:\users\vlol\source\repos\ttt_mult\ttt_mult\debug\ttt_mult.tlog\link.read.1.tlog
c:\users\vlol\source\repos\ttt_mult\ttt_mult\debug\ttt_mult.tlog\link.write.1.tlog
